app/build/outputs/logs/manifest-merger-debug-report.txt
-- Merging decision tree log ---
manifest
ADDED from src\main\AndroidManifest.xml:2:1-163:12
	package
		ADDED from src\main\AndroidManifest.xml:3:5-36
		INJECTED from src\main\AndroidManifest.xml
		INJECTED from src\main\AndroidManifest.xml
	android:versionName
		ADDED from src\main\AndroidManifest.xml:5:5-30
		INJECTED from src\main\AndroidManifest.xml
		INJECTED from src\main\AndroidManifest.xml
	android:versionCode
		ADDED from src\main\AndroidManifest.xml:4:5-28
		INJECTED from src\main\AndroidManifest.xml
		INJECTED from src\main\AndroidManifest.xml
	xmlns:android
		ADDED from src\main\AndroidManifest.xml:2:11-69
uses-sdk
ADDED from src\main\AndroidManifest.xml:7:5-9:41
MERGED from [com.android.support:appcompat-v7:23.4.0] AndroidManifest.xml:21:5-23:78
MERGED from [com.android.support:animated-vector-drawable:23.4.0] AndroidManifest.xml:5:5-44
MERGED from [com.android.support:support-vector-drawable:23.4.0] AndroidManifest.xml:5:5-43
MERGED from [com.android.support:support-v4:23.4.0] AndroidManifest.xml:20:5-43
MERGED from [com.android.support:support-v4:23.4.0] AndroidManifest.xml:20:5-43
MERGED from [com.android.support:support-vector-drawable:23.4.0] AndroidManifest.xml:5:5-43
MERGED from [com.android.support:support-v4:23.4.0] AndroidManifest.xml:20:5-43
MERGED from [com.android.support:design:23.4.0] AndroidManifest.xml:20:5-43
MERGED from [com.android.support:recyclerview-v7:23.4.0] AndroidManifest.xml:20:5-43
MERGED from [com.android.support:support-v4:23.4.0] AndroidManifest.xml:20:5-43
MERGED from [com.android.support:appcompat-v7:23.4.0] AndroidManifest.xml:21:5-23:78
MERGED from [com.android.support:animated-vector-drawable:23.4.0] AndroidManifest.xml:5:5-44
MERGED from [com.android.support:support-vector-drawable:23.4.0] AndroidManifest.xml:5:5-43
MERGED from [com.android.support:support-v4:23.4.0] AndroidManifest.xml:20:5-43
MERGED from [com.android.support:support-v4:23.4.0] AndroidManifest.xml:20:5-43
MERGED from [com.android.support:support-vector-drawable:23.4.0] AndroidManifest.xml:5:5-43
MERGED from [com.android.support:support-v4:23.4.0] AndroidManifest.xml:20:5-43
MERGED from [com.android.support:support-v4:23.4.0] AndroidManifest.xml:20:5-43
MERGED from [com.google.android.gms:play-services:6.5.87] AndroidManifest.xml:18:5-42
MERGED from [com.android.support:support-v4:23.4.0] AndroidManifest.xml:20:5-43
MERGED from [com.android.support:design:23.4.0] AndroidManifest.xml:20:5-43
MERGED from [com.android.support:recyclerview-v7:23.4.0] AndroidManifest.xml:20:5-43
MERGED from [com.android.support:support-v4:23.4.0] AndroidManifest.xml:20:5-43
MERGED from [com.android.support:appcompat-v7:23.4.0] AndroidManifest.xml:21:5-23:78
MERGED from [com.android.support:animated-vector-drawable:23.4.0] AndroidManifest.xml:5:5-44
MERGED from [com.android.support:support-vector-drawable:23.4.0] AndroidManifest.xml:5:5-43
MERGED from [com.android.support:support-v4:23.4.0] AndroidManifest.xml:20:5-43
MERGED from [com.android.support:support-v4:23.4.0] AndroidManifest.xml:20:5-43
MERGED from [com.android.support:support-vector-drawable:23.4.0] AndroidManifest.xml:5:5-43
MERGED from [com.android.support:support-v4:23.4.0] AndroidManifest.xml:20:5-43
MERGED from [com.android.support:support-v4:23.4.0] AndroidManifest.xml:20:5-43
	tools:overrideLibrary
		ADDED from [com.android.support:appcompat-v7:23.4.0] AndroidManifest.xml:23:9-75
	android:targetSdkVersion
		ADDED from src\main\AndroidManifest.xml:9:9-38
		INJECTED from src\main\AndroidManifest.xml
		INJECTED from src\main\AndroidManifest.xml
	android:minSdkVersion
		ADDED from src\main\AndroidManifest.xml:8:9-35
		INJECTED from src\main\AndroidManifest.xml
		INJECTED from src\main\AndroidManifest.xml
uses-permission#android.permission.INTERNET
ADDED from src\main\AndroidManifest.xml:11:5-67
	android:name
		ADDED from src\main\AndroidManifest.xml:11:22-64
uses-permission#android.permission.ACCESS_NETWORK_STATE
ADDED from src\main\AndroidManifest.xml:12:5-79
	android:name
		ADDED from src\main\AndroidManifest.xml:12:22-76
uses-permission#android.permission.WRITE_EXTERNAL_STORAGE
ADDED from src\main\AndroidManifest.xml:13:5-81
	android:name
		ADDED from src\main\AndroidManifest.xml:13:22-78
uses-permission#android.permission.READ_EXTERNAL_STORAGE
ADDED from src\main\AndroidManifest.xml:14:5-80
	android:name
		ADDED from src\main\AndroidManifest.xml:14:22-77
uses-permission#android.permission.GET_ACCOUNTS
ADDED from src\main\AndroidManifest.xml:15:5-71
	android:name
		ADDED from src\main\AndroidManifest.xml:15:22-68
uses-permission#android.permission.WAKE_LOCK
ADDED from src\main\AndroidManifest.xml:16:5-68
	android:name
		ADDED from src\main\AndroidManifest.xml:16:22-65
uses-permission#com.google.android.c2dm.permission.RECEIVE
ADDED from src\main\AndroidManifest.xml:17:5-82
	android:name
		ADDED from src\main\AndroidManifest.xml:17:22-79
permission#com.app.ifcousmission.permission.C2D_MESSAGE
ADDED from src\main\AndroidManifest.xml:19:5-21:47
	android:protectionLevel
		ADDED from src\main\AndroidManifest.xml:21:9-44
	android:name
		ADDED from src\main\AndroidManifest.xml:20:9-68
uses-permission#com.app.ifcousmission.permission.C2D_MESSAGE
ADDED from src\main\AndroidManifest.xml:23:5-84
	android:name
		ADDED from src\main\AndroidManifest.xml:23:22-81
uses-permission#android.permission.READ_PHONE_STATE
ADDED from src\main\AndroidManifest.xml:25:5-75
	android:name
		ADDED from src\main\AndroidManifest.xml:25:22-72
application
ADDED from src\main\AndroidManifest.xml:27:5-161:19
MERGED from [com.android.support:appcompat-v7:23.4.0] AndroidManifest.xml:25:5-20
MERGED from [com.android.support:animated-vector-drawable:23.4.0] AndroidManifest.xml:7:5-20
MERGED from [com.android.support:support-vector-drawable:23.4.0] AndroidManifest.xml:7:5-20
MERGED from [com.android.support:support-v4:23.4.0] AndroidManifest.xml:22:5-20
MERGED from [com.android.support:support-v4:23.4.0] AndroidManifest.xml:22:5-20
MERGED from [com.android.support:support-vector-drawable:23.4.0] AndroidManifest.xml:7:5-20
MERGED from [com.android.support:support-v4:23.4.0] AndroidManifest.xml:22:5-20
MERGED from [com.android.support:design:23.4.0] AndroidManifest.xml:22:5-20
MERGED from [com.android.support:support-v4:23.4.0] AndroidManifest.xml:22:5-20
MERGED from [com.android.support:appcompat-v7:23.4.0] AndroidManifest.xml:25:5-20
MERGED from [com.android.support:animated-vector-drawable:23.4.0] AndroidManifest.xml:7:5-20
MERGED from [com.android.support:support-vector-drawable:23.4.0] AndroidManifest.xml:7:5-20
MERGED from [com.android.support:support-v4:23.4.0] AndroidManifest.xml:22:5-20
MERGED from [com.android.support:support-v4:23.4.0] AndroidManifest.xml:22:5-20
MERGED from [com.android.support:support-vector-drawable:23.4.0] AndroidManifest.xml:7:5-20
MERGED from [com.android.support:support-v4:23.4.0] AndroidManifest.xml:22:5-20
MERGED from [com.android.support:support-v4:23.4.0] AndroidManifest.xml:22:5-20
MERGED from [com.google.android.gms:play-services:6.5.87] AndroidManifest.xml:20:5-24:19
MERGED from [com.android.support:support-v4:23.4.0] AndroidManifest.xml:22:5-20
MERGED from [com.android.support:design:23.4.0] AndroidManifest.xml:22:5-20
MERGED from [com.android.support:support-v4:23.4.0] AndroidManifest.xml:22:5-20
MERGED from [com.android.support:appcompat-v7:23.4.0] AndroidManifest.xml:25:5-20
MERGED from [com.android.support:animated-vector-drawable:23.4.0] AndroidManifest.xml:7:5-20
MERGED from [com.android.support:support-vector-drawable:23.4.0] AndroidManifest.xml:7:5-20
MERGED from [com.android.support:support-v4:23.4.0] AndroidManifest.xml:22:5-20
MERGED from [com.android.support:support-v4:23.4.0] AndroidManifest.xml:22:5-20
MERGED from [com.android.support:support-vector-drawable:23.4.0] AndroidManifest.xml:7:5-20
MERGED from [com.android.support:support-v4:23.4.0] AndroidManifest.xml:22:5-20
MERGED from [com.android.support:support-v4:23.4.0] AndroidManifest.xml:22:5-20
	android:label
		ADDED from src\main\AndroidManifest.xml:30:9-41
	android:allowBackup
		ADDED from src\main\AndroidManifest.xml:28:9-35
	android:icon
		ADDED from src\main\AndroidManifest.xml:29:9-42
	android:theme
		ADDED from src\main\AndroidManifest.xml:31:9-40
activity#com.app.ifocusmission.SplashActivity
ADDED from src\main\AndroidManifest.xml:32:9-40:20
	android:label
		ADDED from src\main\AndroidManifest.xml:34:13-45
	android:name
		ADDED from src\main\AndroidManifest.xml:33:13-64
intent-filter#android.intent.action.MAIN+android.intent.category.LAUNCHER
ADDED from src\main\AndroidManifest.xml:35:13-39:29
action#android.intent.action.MAIN
ADDED from src\main\AndroidManifest.xml:36:17-69
	android:name
		ADDED from src\main\AndroidManifest.xml:36:25-66
category#android.intent.category.LAUNCHER
ADDED from src\main\AndroidManifest.xml:38:17-77
	android:name
		ADDED from src\main\AndroidManifest.xml:38:27-74
activity#com.app.ifocusmission.Homepage
ADDED from src\main\AndroidManifest.xml:41:9-44:86
	android:windowSoftInputMode
		ADDED from src\main\AndroidManifest.xml:44:13-83
	android:configChanges
		ADDED from src\main\AndroidManifest.xml:43:13-74
	android:name
		ADDED from src\main\AndroidManifest.xml:42:13-58
activity#com.app.ifocusmission.AboutPage
ADDED from src\main\AndroidManifest.xml:45:9-48:86
	android:windowSoftInputMode
		ADDED from src\main\AndroidManifest.xml:48:13-83
	android:configChanges
		ADDED from src\main\AndroidManifest.xml:47:13-74
	android:name
		ADDED from src\main\AndroidManifest.xml:46:13-59
activity#com.app.ifocusmission.TestingAppNavigation
ADDED from src\main\AndroidManifest.xml:49:9-52:55
	android:windowSoftInputMode
		ADDED from src\main\AndroidManifest.xml:52:13-52
	android:configChanges
		ADDED from src\main\AndroidManifest.xml:51:13-74
	android:name
		ADDED from src\main\AndroidManifest.xml:50:13-70
activity#com.app.ifocusmission.Registration_class
ADDED from src\main\AndroidManifest.xml:53:9-56:86
	android:windowSoftInputMode
		ADDED from src\main\AndroidManifest.xml:56:13-83
	android:configChanges
		ADDED from src\main\AndroidManifest.xml:55:13-74
	android:name
		ADDED from src\main\AndroidManifest.xml:54:13-68
activity#com.app.ifocusmission.Event_Updates
ADDED from src\main\AndroidManifest.xml:57:9-60:86
	android:windowSoftInputMode
		ADDED from src\main\AndroidManifest.xml:60:13-83
	android:configChanges
		ADDED from src\main\AndroidManifest.xml:59:13-74
	android:name
		ADDED from src\main\AndroidManifest.xml:58:13-63
activity#com.app.ifocusmission.event_update_innerpage2
ADDED from src\main\AndroidManifest.xml:61:9-64:86
	android:windowSoftInputMode
		ADDED from src\main\AndroidManifest.xml:64:13-83
	android:configChanges
		ADDED from src\main\AndroidManifest.xml:63:13-74
	android:name
		ADDED from src\main\AndroidManifest.xml:62:13-73
activity#com.app.ifocusmission.events_updates_innerpage
ADDED from src\main\AndroidManifest.xml:65:9-68:86
	android:windowSoftInputMode
		ADDED from src\main\AndroidManifest.xml:68:13-83
	android:configChanges
		ADDED from src\main\AndroidManifest.xml:67:13-74
	android:name
		ADDED from src\main\AndroidManifest.xml:66:13-74
activity#com.app.ifocusmission.Notification
ADDED from src\main\AndroidManifest.xml:79:9-82:55
	android:windowSoftInputMode
		ADDED from src\main\AndroidManifest.xml:82:13-52
	android:configChanges
		ADDED from src\main\AndroidManifest.xml:81:13-74
	android:name
		ADDED from src\main\AndroidManifest.xml:80:13-62
activity#com.app.ifocusmission.Contact_info
ADDED from src\main\AndroidManifest.xml:83:9-86:55
	android:windowSoftInputMode
		ADDED from src\main\AndroidManifest.xml:86:13-52
	android:configChanges
		ADDED from src\main\AndroidManifest.xml:85:13-74
	android:name
		ADDED from src\main\AndroidManifest.xml:84:13-62
activity#com.app.ifocusmission.Sanjiwani_Club
ADDED from src\main\AndroidManifest.xml:87:9-90:55
	android:windowSoftInputMode
		ADDED from src\main\AndroidManifest.xml:90:13-52
	android:configChanges
		ADDED from src\main\AndroidManifest.xml:89:13-74
	android:name
		ADDED from src\main\AndroidManifest.xml:88:13-64
activity#com.app.ifocusmission.Structure
ADDED from src\main\AndroidManifest.xml:91:9-94:55
	android:windowSoftInputMode
		ADDED from src\main\AndroidManifest.xml:94:13-52
	android:configChanges
		ADDED from src\main\AndroidManifest.xml:93:13-74
	android:name
		ADDED from src\main\AndroidManifest.xml:92:13-59
activity#com.app.ifocusmission.FAQ_activity
ADDED from src\main\AndroidManifest.xml:95:9-98:55
	android:windowSoftInputMode
		ADDED from src\main\AndroidManifest.xml:98:13-52
	android:configChanges
		ADDED from src\main\AndroidManifest.xml:97:13-74
	android:name
		ADDED from src\main\AndroidManifest.xml:96:13-62
activity#com.app.ifocusmission.Webview
ADDED from src\main\AndroidManifest.xml:99:9-102:55
	android:windowSoftInputMode
		ADDED from src\main\AndroidManifest.xml:102:13-52
	android:configChanges
		ADDED from src\main\AndroidManifest.xml:101:13-74
	android:name
		ADDED from src\main\AndroidManifest.xml:100:13-57
activity#com.app.ifocusmission.Webview_events_update
ADDED from src\main\AndroidManifest.xml:103:9-106:55
	android:windowSoftInputMode
		ADDED from src\main\AndroidManifest.xml:106:13-52
	android:configChanges
		ADDED from src\main\AndroidManifest.xml:105:13-74
	android:name
		ADDED from src\main\AndroidManifest.xml:104:13-71
activity#com.app.ifocusmission.Success_stores
ADDED from src\main\AndroidManifest.xml:107:9-110:55
	android:windowSoftInputMode
		ADDED from src\main\AndroidManifest.xml:110:13-52
	android:configChanges
		ADDED from src\main\AndroidManifest.xml:109:13-74
	android:name
		ADDED from src\main\AndroidManifest.xml:108:13-64
activity#com.app.ifocusmission.Mission_Vision
ADDED from src\main\AndroidManifest.xml:111:9-114:64
	android:windowSoftInputMode
		ADDED from src\main\AndroidManifest.xml:114:13-52
	android:configChanges
		ADDED from src\main\AndroidManifest.xml:113:13-74
	android:name
		ADDED from src\main\AndroidManifest.xml:112:13-64
receiver#com.app.ifocusmission.GcmBroadcastReceiver
ADDED from src\main\AndroidManifest.xml:116:9-124:20
	android:permission
		ADDED from src\main\AndroidManifest.xml:118:13-73
	android:name
		ADDED from src\main\AndroidManifest.xml:117:13-70
intent-filter#com.app.ifcousmission+com.google.android.c2dm.intent.RECEIVE
ADDED from src\main\AndroidManifest.xml:119:13-123:29
action#com.google.android.c2dm.intent.RECEIVE
ADDED from src\main\AndroidManifest.xml:120:17-81
	android:name
		ADDED from src\main\AndroidManifest.xml:120:25-78
category#com.app.ifcousmission
ADDED from src\main\AndroidManifest.xml:122:17-66
	android:name
		ADDED from src\main\AndroidManifest.xml:122:27-63
service#com.app.ifocusmission.GcmIntentService
ADDED from src\main\AndroidManifest.xml:126:9-74
	android:name
		ADDED from src\main\AndroidManifest.xml:126:18-71
activity#com.app.ifocusmission.About_Ifocus
ADDED from src\main\AndroidManifest.xml:128:9-131:55
	android:windowSoftInputMode
		ADDED from src\main\AndroidManifest.xml:131:13-52
	android:configChanges
		ADDED from src\main\AndroidManifest.xml:130:13-74
	android:name
		ADDED from src\main\AndroidManifest.xml:129:13-62
activity#com.app.ifocusmission.Success_stores_innerpage
ADDED from src\main\AndroidManifest.xml:132:9-135:55
	android:windowSoftInputMode
		ADDED from src\main\AndroidManifest.xml:135:13-52
	android:configChanges
		ADDED from src\main\AndroidManifest.xml:134:13-74
	android:name
		ADDED from src\main\AndroidManifest.xml:133:13-74
activity#com.app.ifocusmission.Success_stores_innerpage2
ADDED from src\main\AndroidManifest.xml:136:9-139:55
	android:windowSoftInputMode
		ADDED from src\main\AndroidManifest.xml:139:13-52
	android:configChanges
		ADDED from src\main\AndroidManifest.xml:138:13-74
	android:name
		ADDED from src\main\AndroidManifest.xml:137:13-75
activity#com.app.ifocusmission.Enquries_activity
ADDED from src\main\AndroidManifest.xml:140:9-143:55
	android:windowSoftInputMode
		ADDED from src\main\AndroidManifest.xml:143:13-52
	android:configChanges
		ADDED from src\main\AndroidManifest.xml:142:13-74
	android:name
		ADDED from src\main\AndroidManifest.xml:141:13-67
activity#com.app.ifocusmission.Business_enquiriy
ADDED from src\main\AndroidManifest.xml:144:9-147:55
	android:windowSoftInputMode
		ADDED from src\main\AndroidManifest.xml:147:13-52
	android:configChanges
		ADDED from src\main\AndroidManifest.xml:146:13-74
	android:name
		ADDED from src\main\AndroidManifest.xml:145:13-67
activity#com.app.ifocusmission.Generalenquiriy
ADDED from src\main\AndroidManifest.xml:148:9-151:55
	android:windowSoftInputMode
		ADDED from src\main\AndroidManifest.xml:151:13-52
	android:configChanges
		ADDED from src\main\AndroidManifest.xml:150:13-74
	android:name
		ADDED from src\main\AndroidManifest.xml:149:13-65
activity#com.app.ifocusmission.Pldge_Declaration
ADDED from src\main\AndroidManifest.xml:152:9-155:55
	android:windowSoftInputMode
		ADDED from src\main\AndroidManifest.xml:155:13-52
	android:configChanges
		ADDED from src\main\AndroidManifest.xml:154:13-74
	android:name
		ADDED from src\main\AndroidManifest.xml:153:13-67
activity#com.app.ifocusmission.HomeActivity
ADDED from src\main\AndroidManifest.xml:156:9-160:20
	android:label
		ADDED from src\main\AndroidManifest.xml:158:13-56
	android:name
		ADDED from src\main\AndroidManifest.xml:157:13-62
meta-data#com.google.android.gms.version
ADDED from [com.google.android.gms:play-services:6.5.87] AndroidManifest.xml:21:9-23:69
	android:value
		ADDED from [com.google.android.gms:play-services:6.5.87] AndroidManifest.xml:23:13-66
	android:name
		ADDED from [com.google.android.gms:play-services:6.5.87] AndroidManifest.xml:22:13-58